Using pre-set license
Built from '2022.3/staging' branch; Version is '2022.3.22f1 (887be4894c44) revision 8944612'; Using compiler version '192829333'; Build Type 'Release'
OS: 'Windows 10  (10.0.19045) 64bit Professional' Language: 'es' Physical Memory: 16223 MB
BatchMode: 1, IsHumanControllingUs: 0, StartBugReporterOnCrash: 0, Is64bit: 1, IsPro: 1

COMMAND LINE ARGUMENTS:
C:\Program Files\Unity\Hub\Editor\2022.3.22f1\Editor\Unity.exe
-adb2
-batchMode
-noUpm
-name
AssetImportWorker10
-projectPath
C:/Users/LAB01-14/ProyectoJuegoShoteer
-logFile
Logs/AssetImportWorker10.log
-srvPort
51090
Successfully changed project path to: C:/Users/LAB01-14/ProyectoJuegoShoteer
C:/Users/LAB01-14/ProyectoJuegoShoteer
[UnityMemory] Configuration Parameters - Can be set up in boot.config
    "memorysetup-bucket-allocator-granularity=16"
    "memorysetup-bucket-allocator-bucket-count=8"
    "memorysetup-bucket-allocator-block-size=33554432"
    "memorysetup-bucket-allocator-block-count=8"
    "memorysetup-main-allocator-block-size=16777216"
    "memorysetup-thread-allocator-block-size=16777216"
    "memorysetup-gfx-main-allocator-block-size=16777216"
    "memorysetup-gfx-thread-allocator-block-size=16777216"
    "memorysetup-cache-allocator-block-size=4194304"
    "memorysetup-typetree-allocator-block-size=2097152"
    "memorysetup-profiler-bucket-allocator-granularity=16"
    "memorysetup-profiler-bucket-allocator-bucket-count=8"
    "memorysetup-profiler-bucket-allocator-block-size=33554432"
    "memorysetup-profiler-bucket-allocator-block-count=8"
    "memorysetup-profiler-allocator-block-size=16777216"
    "memorysetup-profiler-editor-allocator-block-size=1048576"
    "memorysetup-temp-allocator-size-main=16777216"
    "memorysetup-job-temp-allocator-block-size=2097152"
    "memorysetup-job-temp-allocator-block-size-background=1048576"
    "memorysetup-job-temp-allocator-reduction-small-platforms=262144"
    "memorysetup-allocator-temp-initial-block-size-main=262144"
    "memorysetup-allocator-temp-initial-block-size-worker=262144"
    "memorysetup-temp-allocator-size-background-worker=32768"
    "memorysetup-temp-allocator-size-job-worker=262144"
    "memorysetup-temp-allocator-size-preload-manager=33554432"
    "memorysetup-temp-allocator-size-nav-mesh-worker=65536"
    "memorysetup-temp-allocator-size-audio-worker=65536"
    "memorysetup-temp-allocator-size-cloud-worker=32768"
    "memorysetup-temp-allocator-size-gi-baking-worker=262144"
    "memorysetup-temp-allocator-size-gfx=262144"
Player connection [14144] Host "[IP] 100.0.0.38 [Port] 0 [Flags] 2 [Guid] 640452156 [EditorId] 640452156 [Version] 1048832 [Id] WindowsEditor(7,LAB01-14) [Debug] 1 [PackageName] WindowsEditor [ProjectName] Editor" joined multi-casting on [225.0.0.222:54997]...

Player connection [14144] Host "[IP] 100.0.0.38 [Port] 0 [Flags] 2 [Guid] 640452156 [EditorId] 640452156 [Version] 1048832 [Id] WindowsEditor(7,LAB01-14) [Debug] 1 [PackageName] WindowsEditor [ProjectName] Editor" joined alternative multi-casting on [225.0.0.222:34997]...

[Physics::Module] Initialized MultithreadedJobDispatcher with 19 workers.
Refreshing native plugins compatible for Editor in 12.97 ms, found 3 plugins.
Preloading 0 native plugins for Editor in 0.00 ms.
Initialize engine version: 2022.3.22f1 (887be4894c44)
[Subsystems] Discovering subsystems at path C:/Program Files/Unity/Hub/Editor/2022.3.22f1/Editor/Data/Resources/UnitySubsystems
[Subsystems] Discovering subsystems at path C:/Users/LAB01-14/ProyectoJuegoShoteer/Assets
GfxDevice: creating device client; threaded=0; jobified=0
Direct3D:
    Version:  Direct3D 11.0 [level 11.1]
    Renderer: NVIDIA GeForce RTX 4060 (ID=0x2882)
    Vendor:   NVIDIA
    VRAM:     7957 MB
    Driver:   31.0.15.5212
Initialize mono
Mono path[0] = 'C:/Program Files/Unity/Hub/Editor/2022.3.22f1/Editor/Data/Managed'
Mono path[1] = 'C:/Program Files/Unity/Hub/Editor/2022.3.22f1/Editor/Data/MonoBleedingEdge/lib/mono/unityjit-win32'
Mono config path = 'C:/Program Files/Unity/Hub/Editor/2022.3.22f1/Editor/Data/MonoBleedingEdge/etc'
Using monoOptions --debugger-agent=transport=dt_socket,embedding=1,server=y,suspend=n,address=127.0.0.1:56840
Begin MonoManager ReloadAssembly
Registering precompiled unity dll's ...
Register platform support module: C:/Program Files/Unity/Hub/Editor/2022.3.22f1/Editor/Data/PlaybackEngines/WebGLSupport/UnityEditor.WebGL.Extensions.dll
Register platform support module: C:/Program Files/Unity/Hub/Editor/2022.3.22f1/Editor/Data/PlaybackEngines/AndroidPlayer/UnityEditor.Android.Extensions.dll
Register platform support module: C:/Program Files/Unity/Hub/Editor/2022.3.22f1/Editor/Data/PlaybackEngines/iOSSupport/UnityEditor.iOS.Extensions.dll
Register platform support module: C:/Program Files/Unity/Hub/Editor/2022.3.22f1/Editor/Data/PlaybackEngines/WindowsStandaloneSupport/UnityEditor.WindowsStandalone.Extensions.dll
Registered in 0.021792 seconds.
- Loaded All Assemblies, in  0.542 seconds
Native extension for WindowsStandalone target not found
[usbmuxd] Start listen thread
Native extension for iOS target not found
Native extension for Android target not found
[usbmuxd] Listen thread started
Android Extension - Scanning For ADB Devices 357 ms
Native extension for WebGL target not found
Mono: successfully reloaded assembly
- Finished resetting the current domain, in  0.784 seconds
Domain Reload Profiling: 1324ms
	BeginReloadAssembly (138ms)
		ExecutionOrderSort (0ms)
		DisableScriptedObjects (0ms)
		BackupInstance (0ms)
		ReleaseScriptingObjects (0ms)
		CreateAndSetChildDomain (1ms)
	RebuildCommonClasses (60ms)
	RebuildNativeTypeToScriptingClass (21ms)
	initialDomainReloadingComplete (87ms)
	LoadAllAssembliesAndSetupDomain (234ms)
		LoadAssemblies (137ms)
		RebuildTransferFunctionScriptingTraits (0ms)
		AnalyzeDomain (230ms)
			TypeCache.Refresh (208ms)
				TypeCache.ScanAssembly (192ms)
			ScanForSourceGeneratedMonoScriptInfo (22ms)
			ResolveRequiredComponents (0ms)
	FinalizeReload (785ms)
		ReleaseScriptCaches (0ms)
		RebuildScriptCaches (0ms)
		SetupLoadedEditorAssemblies (706ms)
			LogAssemblyErrors (0ms)
			InitializePlatformSupportModulesInManaged (521ms)
			SetLoadedEditorAssemblies (5ms)
			RefreshPlugins (0ms)
			BeforeProcessingInitializeOnLoad (3ms)
			ProcessInitializeOnLoadAttributes (131ms)
			ProcessInitializeOnLoadMethodAttributes (47ms)
			AfterProcessingInitializeOnLoad (0ms)
			EditorAssembliesLoaded (0ms)
		ExecutionOrderSort2 (0ms)
		AwakeInstancesAfterBackupRestoration (0ms)
========================================================================
Worker process is ready to serve import requests
Begin MonoManager ReloadAssembly
- Loaded All Assemblies, in  0.733 seconds
Refreshing native plugins compatible for Editor in 4.78 ms, found 3 plugins.
Native extension for WindowsStandalone target not found
Native extension for iOS target not found
Native extension for Android target not found
Native extension for WebGL target not found
Package Manager log level set to [2]
[Package Manager] Server::EnsureServerProcessIsRunning -- launch failed, reason: Unity was launched with the -noUpm command-line argument
[Package Manager] UpmClient::Send -- Unable to send message (not connected to UPM process).
[Package Manager] Cannot connect to Unity Package Manager local server
Mono: successfully reloaded assembly
- Finished resetting the current domain, in  0.729 seconds
Domain Reload Profiling: 1458ms
	BeginReloadAssembly (149ms)
		ExecutionOrderSort (0ms)
		DisableScriptedObjects (6ms)
		BackupInstance (0ms)
		ReleaseScriptingObjects (0ms)
		CreateAndSetChildDomain (21ms)
	RebuildCommonClasses (34ms)
	RebuildNativeTypeToScriptingClass (12ms)
	initialDomainReloadingComplete (49ms)
	LoadAllAssembliesAndSetupDomain (484ms)
		LoadAssemblies (363ms)
		RebuildTransferFunctionScriptingTraits (0ms)
		AnalyzeDomain (209ms)
			TypeCache.Refresh (174ms)
				TypeCache.ScanAssembly (155ms)
			ScanForSourceGeneratedMonoScriptInfo (23ms)
			ResolveRequiredComponents (11ms)
	FinalizeReload (729ms)
		ReleaseScriptCaches (0ms)
		RebuildScriptCaches (0ms)
		SetupLoadedEditorAssemblies (537ms)
			LogAssemblyErrors (0ms)
			InitializePlatformSupportModulesInManaged (40ms)
			SetLoadedEditorAssemblies (4ms)
			RefreshPlugins (0ms)
			BeforeProcessingInitializeOnLoad (79ms)
			ProcessInitializeOnLoadAttributes (328ms)
			ProcessInitializeOnLoadMethodAttributes (76ms)
			AfterProcessingInitializeOnLoad (10ms)
			EditorAssembliesLoaded (0ms)
		ExecutionOrderSort2 (0ms)
		AwakeInstancesAfterBackupRestoration (7ms)
Launched and connected shader compiler UnityShaderCompiler.exe after 0.04 seconds
Refreshing native plugins compatible for Editor in 5.00 ms, found 3 plugins.
Preloading 0 native plugins for Editor in 0.00 ms.
Unloading 4935 Unused Serialized files (Serialized files now loaded: 0)
Unloading 65 unused Assets / (351.1 KB). Loaded Objects now: 5396.
Memory consumption went from 208.2 MB to 207.9 MB.
Total: 3.895700 ms (FindLiveObjects: 0.753800 ms CreateObjectMapping: 0.207000 ms MarkObjects: 2.732600 ms  DeleteObjects: 0.200800 ms)

AssetImportParameters requested are different than current active one (requested -> active):
  custom:container-demuxer-ogg: 62fdf1f143b41e24485cea50d1cbac27 -> 
  custom:video-decoder-ogg-theora: a1e56fd34408186e4bbccfd4996cb3dc -> 
  custom:framework-win-MediaFoundation: 216162199b28c13a410421893ffa2e32 -> 
  custom:CustomObjectIndexerAttribute: 72b91833f83ae208fae7752999fa3104 -> 
  custom:scripting/monoscript/fileName/Readme.cs: 0243834a66c4d02c43eccfe3f1926748 -> 5aedf578fb2663036982fb7b05aaf325
  custom:container-demuxer-webm: 4f35f7cbe854078d1ac9338744f61a02 -> 
  custom:container-muxer-webm: aa71ff27fc2769a1b78a27578f13a17b -> 
  custom:scripting/monoscript/fileName/ReadmeEditor.cs: f90a78a692f36537585f0ffe30196b53 -> ff7ced1e41c1b99ddf5dfefc88f6bd50
  custom:video-decoder-webm-vp8: 9c59270c3fd7afecdb556c50c9e8de78 -> 
  custom:SearchIndexIgnoredProperties: e643bd26f0fe6173181afceb89e7c659 -> 
  custom:AudioImporter_EditorPlatform: d09bf68614088b80899f8185d706f6e7 -> 
  custom:video-encoder-webm-vp8: eb34c28f22e8b96e1ab97ce403110664 -> 
  custom:audio-decoder-ogg-vorbis: bf7c407c2cedff20999df2af8eb42d56 -> 
  custom:audio-encoder-webm-vorbis: bf7c407c2cedff20999df2af8eb42d56 -> 
========================================================================
Received Import Request.
  Time since last request: 2850.451760 seconds.
  path: Assets/Anbiente/BackRoomsNivel0/BackroomsLikeAsset/prefab/Walls/Wall_2m_Door_A.prefab
  artifactKey: Guid(872e675da07ca6d4c9a552e9dc531f82) Importer(815301076,1909f56bfc062723c751e8b465ee728b)
Start importing Assets/Anbiente/BackRoomsNivel0/BackroomsLikeAsset/prefab/Walls/Wall_2m_Door_A.prefab using Guid(872e675da07ca6d4c9a552e9dc531f82) Importer(815301076,1909f56bfc062723c751e8b465ee728b)  -> (artifact id: 'd7fe72043f043f982539addbee707ae0') in 0.334502 seconds
Number of updated asset objects reloaded before import = 0
Number of asset objects unloaded after import = 18
========================================================================
Received Import Request.
  Time since last request: 2.488553 seconds.
  path: Assets/Anbiente/BackRoomsNivel0/BackroomsLikeAsset/prefab/Tiles/Tiles_+Corner_01_C.prefab
  artifactKey: Guid(763497c78e4320841a962b213d133e7c) Importer(815301076,1909f56bfc062723c751e8b465ee728b)
Start importing Assets/Anbiente/BackRoomsNivel0/BackroomsLikeAsset/prefab/Tiles/Tiles_+Corner_01_C.prefab using Guid(763497c78e4320841a962b213d133e7c) Importer(815301076,1909f56bfc062723c751e8b465ee728b)  -> (artifact id: '1702cbdf6d1435e9ae02abaf19f4e7eb') in 0.064004 seconds
Number of updated asset objects reloaded before import = 0
Number of asset objects unloaded after import = 26
========================================================================
Received Import Request.
  Time since last request: 0.000720 seconds.
  path: Assets/Anbiente/BackRoomsNivel0/BackroomsLikeAsset/prefab/Tiles/Tiles_T+_01_B.prefab
  artifactKey: Guid(3288a1ac654cb6546be4494dcabaff22) Importer(815301076,1909f56bfc062723c751e8b465ee728b)
Start importing Assets/Anbiente/BackRoomsNivel0/BackroomsLikeAsset/prefab/Tiles/Tiles_T+_01_B.prefab using Guid(3288a1ac654cb6546be4494dcabaff22) Importer(815301076,1909f56bfc062723c751e8b465ee728b)  -> (artifact id: '4804f535913eba1f4105fda470060a85') in 0.031327 seconds
Number of updated asset objects reloaded before import = 0
Number of asset objects unloaded after import = 26
========================================================================
Received Import Request.
  Time since last request: 0.000374 seconds.
  path: Assets/Anbiente/BackRoomsNivel0/BackroomsLikeAsset/prefab/Tiles/Tiles_+Room_HoleCeiling_01_B.prefab
  artifactKey: Guid(11ed12435798d0341b6d447bdb854dd7) Importer(815301076,1909f56bfc062723c751e8b465ee728b)
Start importing Assets/Anbiente/BackRoomsNivel0/BackroomsLikeAsset/prefab/Tiles/Tiles_+Room_HoleCeiling_01_B.prefab using Guid(11ed12435798d0341b6d447bdb854dd7) Importer(815301076,1909f56bfc062723c751e8b465ee728b)  -> (artifact id: 'ec3606407c37acd07ce45cb82841fee5') in 0.035022 seconds
Number of updated asset objects reloaded before import = 0
Number of asset objects unloaded after import = 30
========================================================================
Received Import Request.
  Time since last request: 0.000522 seconds.
  path: Assets/Anbiente/BackRoomsNivel0/BackroomsLikeAsset/prefab/Tiles/Tiles_T+_02_A.prefab
  artifactKey: Guid(63a6056418b53594baef1f2bee1f3e8b) Importer(815301076,1909f56bfc062723c751e8b465ee728b)
Start importing Assets/Anbiente/BackRoomsNivel0/BackroomsLikeAsset/prefab/Tiles/Tiles_T+_02_A.prefab using Guid(63a6056418b53594baef1f2bee1f3e8b) Importer(815301076,1909f56bfc062723c751e8b465ee728b)  -> (artifact id: 'a1ede832c7b481bf570834017b79b524') in 0.041241 seconds
Number of updated asset objects reloaded before import = 0
Number of asset objects unloaded after import = 26
========================================================================
Received Import Request.
  Time since last request: 0.000041 seconds.
  path: Assets/Anbiente/BackRoomsNivel0/BackroomsLikeAsset/prefab/Tiles/Tiles_T+_02_B.prefab
  artifactKey: Guid(8878c0e314a07c74fa49309a73f32ff7) Importer(815301076,1909f56bfc062723c751e8b465ee728b)
Start importing Assets/Anbiente/BackRoomsNivel0/BackroomsLikeAsset/prefab/Tiles/Tiles_T+_02_B.prefab using Guid(8878c0e314a07c74fa49309a73f32ff7) Importer(815301076,1909f56bfc062723c751e8b465ee728b)  -> (artifact id: 'fb189e2cc66c2c2b1eeef78e4dd80860') in 0.031563 seconds
Number of updated asset objects reloaded before import = 0
Number of asset objects unloaded after import = 26
========================================================================
Received Import Request.
  Time since last request: 0.000031 seconds.
  path: Assets/Anbiente/BackRoomsNivel0/BackroomsLikeAsset/prefab/Tiles/Tiles_BasicSide_01_A.prefab
  artifactKey: Guid(bbe2bb717665bb44c9b2e69de520c6c3) Importer(815301076,1909f56bfc062723c751e8b465ee728b)
Start importing Assets/Anbiente/BackRoomsNivel0/BackroomsLikeAsset/prefab/Tiles/Tiles_BasicSide_01_A.prefab using Guid(bbe2bb717665bb44c9b2e69de520c6c3) Importer(815301076,1909f56bfc062723c751e8b465ee728b)  -> (artifact id: '4e056a4848dfb94ebb90df92ed81f345') in 0.026486 seconds
Number of updated asset objects reloaded before import = 0
Number of asset objects unloaded after import = 26
========================================================================
Received Import Request.
  Time since last request: 0.000468 seconds.
  path: Assets/Anbiente/BackRoomsNivel0/BackroomsLikeAsset/prefab/Tiles/Tiles_BasicCorner_05_A.prefab
  artifactKey: Guid(517dca1449c07544e9abf9221f910ccf) Importer(815301076,1909f56bfc062723c751e8b465ee728b)
Start importing Assets/Anbiente/BackRoomsNivel0/BackroomsLikeAsset/prefab/Tiles/Tiles_BasicCorner_05_A.prefab using Guid(517dca1449c07544e9abf9221f910ccf) Importer(815301076,1909f56bfc062723c751e8b465ee728b)  -> (artifact id: '4b52165612505433c97c6b25cea1a6be') in 0.024986 seconds
Number of updated asset objects reloaded before import = 0
Number of asset objects unloaded after import = 26
========================================================================
Received Import Request.
  Time since last request: 0.000021 seconds.
  path: Assets/Anbiente/BackRoomsNivel0/BackroomsLikeAsset/prefab/Tiles/Tiles_BasicSide_02_D.prefab
  artifactKey: Guid(ecffc8a132c037d43855f4d6d4e53b00) Importer(815301076,1909f56bfc062723c751e8b465ee728b)
Start importing Assets/Anbiente/BackRoomsNivel0/BackroomsLikeAsset/prefab/Tiles/Tiles_BasicSide_02_D.prefab using Guid(ecffc8a132c037d43855f4d6d4e53b00) Importer(815301076,1909f56bfc062723c751e8b465ee728b)  -> (artifact id: '564a561736c122731cceb83ba95487cb') in 0.024103 seconds
Number of updated asset objects reloaded before import = 0
Number of asset objects unloaded after import = 26
========================================================================
Received Import Request.
  Time since last request: 0.000021 seconds.
  path: Assets/Anbiente/BackRoomsNivel0/BackroomsLikeAsset/prefab/Tiles/Tiles_+Room_HoleFloor_01_C.prefab
  artifactKey: Guid(bfef5f314d21d394eaa76e1bf803f661) Importer(815301076,1909f56bfc062723c751e8b465ee728b)
Start importing Assets/Anbiente/BackRoomsNivel0/BackroomsLikeAsset/prefab/Tiles/Tiles_+Room_HoleFloor_01_C.prefab using Guid(bfef5f314d21d394eaa76e1bf803f661) Importer(815301076,1909f56bfc062723c751e8b465ee728b)  -> (artifact id: 'f7716e74eb8f2af75bd6466329515cc6') in 0.037288 seconds
Number of updated asset objects reloaded before import = 0
Number of asset objects unloaded after import = 30
========================================================================
Received Import Request.
  Time since last request: 0.000826 seconds.
  path: Assets/Anbiente/BackRoomsNivel0/BackroomsLikeAsset/prefab/Tiles/Tiles_BasicCorner_06_D.prefab
  artifactKey: Guid(68be1ed00d17d2845a85d4ddd518a97d) Importer(815301076,1909f56bfc062723c751e8b465ee728b)
Start importing Assets/Anbiente/BackRoomsNivel0/BackroomsLikeAsset/prefab/Tiles/Tiles_BasicCorner_06_D.prefab using Guid(68be1ed00d17d2845a85d4ddd518a97d) Importer(815301076,1909f56bfc062723c751e8b465ee728b)  -> (artifact id: '9199c23e0b3fb60906e40327c961f05d') in 0.037899 seconds
Number of updated asset objects reloaded before import = 0
Number of asset objects unloaded after import = 26
========================================================================
Received Import Request.
  Time since last request: 0.000022 seconds.
  path: Assets/Anbiente/BackRoomsNivel0/BackroomsLikeAsset/prefab/Tiles/Tiles_BasicSide_02_A.prefab
  artifactKey: Guid(72bbd19fca6ed534495fbd9fe0c0ec08) Importer(815301076,1909f56bfc062723c751e8b465ee728b)
Start importing Assets/Anbiente/BackRoomsNivel0/BackroomsLikeAsset/prefab/Tiles/Tiles_BasicSide_02_A.prefab using Guid(72bbd19fca6ed534495fbd9fe0c0ec08) Importer(815301076,1909f56bfc062723c751e8b465ee728b)  -> (artifact id: '6fb8b95d1a0a682d54d8aa9069df183c') in 0.023283 seconds
Number of updated asset objects reloaded before import = 0
Number of asset objects unloaded after import = 26
========================================================================
Received Import Request.
  Time since last request: 0.000022 seconds.
  path: Assets/Anbiente/BackRoomsNivel0/BackroomsLikeAsset/prefab/Tiles/Tiles_+Room_HoleCeiling_01_A.prefab
  artifactKey: Guid(d747ed6ba5f70954bbdb7dfb4d21758a) Importer(815301076,1909f56bfc062723c751e8b465ee728b)
Start importing Assets/Anbiente/BackRoomsNivel0/BackroomsLikeAsset/prefab/Tiles/Tiles_+Room_HoleCeiling_01_A.prefab using Guid(d747ed6ba5f70954bbdb7dfb4d21758a) Importer(815301076,1909f56bfc062723c751e8b465ee728b)  -> (artifact id: '2d8f7235bd44b8d10671ab5621d68e0a') in 0.031409 seconds
Number of updated asset objects reloaded before import = 0
Number of asset objects unloaded after import = 30
========================================================================
Received Import Request.
  Time since last request: 0.000030 seconds.
  path: Assets/Anbiente/BackRoomsNivel0/BackroomsLikeAsset/prefab/Tiles/Tiles_BasicCorner_03_B.prefab
  artifactKey: Guid(08c2ff31d1e64d049b4ca297897283c0) Importer(815301076,1909f56bfc062723c751e8b465ee728b)
Start importing Assets/Anbiente/BackRoomsNivel0/BackroomsLikeAsset/prefab/Tiles/Tiles_BasicCorner_03_B.prefab using Guid(08c2ff31d1e64d049b4ca297897283c0) Importer(815301076,1909f56bfc062723c751e8b465ee728b)  -> (artifact id: 'd4b3fe734c252da554005f9afd3db653') in 0.027818 seconds
Number of updated asset objects reloaded before import = 0
Number of asset objects unloaded after import = 26
========================================================================
Received Import Request.
  Time since last request: 0.000023 seconds.
  path: Assets/Anbiente/BackRoomsNivel0/BackroomsLikeAsset/prefab/Tiles/Tiles_BasicCorner_02_D.prefab
  artifactKey: Guid(278e9bcfd6a9f3244bb5f194fa518d50) Importer(815301076,1909f56bfc062723c751e8b465ee728b)
Start importing Assets/Anbiente/BackRoomsNivel0/BackroomsLikeAsset/prefab/Tiles/Tiles_BasicCorner_02_D.prefab using Guid(278e9bcfd6a9f3244bb5f194fa518d50) Importer(815301076,1909f56bfc062723c751e8b465ee728b)  -> (artifact id: 'f284e689bbf38e2da3080aaccdd978e0') in 0.027445 seconds
Number of updated asset objects reloaded before import = 0
Number of asset objects unloaded after import = 26
========================================================================
Received Import Request.
  Time since last request: 0.000017 seconds.
  path: Assets/Anbiente/BackRoomsNivel0/BackroomsLikeAsset/prefab/Tiles/Tiles_+Room_HoleCeiling_01_D.prefab
  artifactKey: Guid(805ca5cc931ab344b99889642cf7e4ee) Importer(815301076,1909f56bfc062723c751e8b465ee728b)
Start importing Assets/Anbiente/BackRoomsNivel0/BackroomsLikeAsset/prefab/Tiles/Tiles_+Room_HoleCeiling_01_D.prefab using Guid(805ca5cc931ab344b99889642cf7e4ee) Importer(815301076,1909f56bfc062723c751e8b465ee728b)  -> (artifact id: 'b3bcd526792fd7450437afd053c184b0') in 0.032844 seconds
Number of updated asset objects reloaded before import = 0
Number of asset objects unloaded after import = 30
========================================================================
Received Import Request.
  Time since last request: 0.000028 seconds.
  path: Assets/Anbiente/BackRoomsNivel0/BackroomsLikeAsset/prefab/Tiles/Tiles_+Corner_02_C.prefab
  artifactKey: Guid(9d02221fb5297a0429ded63f85590a90) Importer(815301076,1909f56bfc062723c751e8b465ee728b)
Start importing Assets/Anbiente/BackRoomsNivel0/BackroomsLikeAsset/prefab/Tiles/Tiles_+Corner_02_C.prefab using Guid(9d02221fb5297a0429ded63f85590a90) Importer(815301076,1909f56bfc062723c751e8b465ee728b)  -> (artifact id: 'b863dc513432ab8635ee4a951dc164eb') in 0.030813 seconds
Number of updated asset objects reloaded before import = 0
Number of asset objects unloaded after import = 26
========================================================================
Received Import Request.
  Time since last request: 0.000038 seconds.
  path: Assets/Anbiente/BackRoomsNivel0/BackroomsLikeAsset/prefab/Tiles/Tiles_+Room_HoleFloorCeiling_01_C.prefab
  artifactKey: Guid(351940d4f4968754fbd4f05f1eea0fbb) Importer(815301076,1909f56bfc062723c751e8b465ee728b)
Start importing Assets/Anbiente/BackRoomsNivel0/BackroomsLikeAsset/prefab/Tiles/Tiles_+Room_HoleFloorCeiling_01_C.prefab using Guid(351940d4f4968754fbd4f05f1eea0fbb) Importer(815301076,1909f56bfc062723c751e8b465ee728b)  -> (artifact id: 'a4e5b0a6e6daa1cc8b47390de9f8c783') in 0.029836 seconds
Number of updated asset objects reloaded before import = 0
Number of asset objects unloaded after import = 30
========================================================================
Received Import Request.
  Time since last request: 4.880454 seconds.
  path: Assets/Anbiente/BackRoomsNivel0/BackroomsLikeAsset/prefab/Debris/Debri_Debris_Stack_3.prefab
  artifactKey: Guid(40c2e3fae13fb7c4a95134f9b198b91f) Importer(815301076,1909f56bfc062723c751e8b465ee728b)
Start importing Assets/Anbiente/BackRoomsNivel0/BackroomsLikeAsset/prefab/Debris/Debri_Debris_Stack_3.prefab using Guid(40c2e3fae13fb7c4a95134f9b198b91f) Importer(815301076,1909f56bfc062723c751e8b465ee728b)  -> (artifact id: 'bd8bb68627ee5f99d62947c3f327073d') in 0.025347 seconds
Number of updated asset objects reloaded before import = 0
Number of asset objects unloaded after import = 21
========================================================================
Received Import Request.
  Time since last request: 0.000021 seconds.
  path: Assets/Anbiente/BackRoomsNivel0/BackroomsLikeAsset/prefab/Debris/Debri_WallDebris_1.prefab
  artifactKey: Guid(2c3d69bce3c868d44a89134faa13c8f4) Importer(815301076,1909f56bfc062723c751e8b465ee728b)
Start importing Assets/Anbiente/BackRoomsNivel0/BackroomsLikeAsset/prefab/Debris/Debri_WallDebris_1.prefab using Guid(2c3d69bce3c868d44a89134faa13c8f4) Importer(815301076,1909f56bfc062723c751e8b465ee728b)  -> (artifact id: '5ea77f27ed0543a2dce10bd62c4bc19c') in 0.022884 seconds
Number of updated asset objects reloaded before import = 0
Number of asset objects unloaded after import = 17
========================================================================
Received Import Request.
  Time since last request: 4.767897 seconds.
  path: Assets/Anbiente/BackRoomsNivel0/BackroomsLikeAsset/prefab/Tiles/Tiles_T+_04_B.prefab
  artifactKey: Guid(2549e4addb02ae444b50eb536e89c6d7) Importer(815301076,1909f56bfc062723c751e8b465ee728b)
Start importing Assets/Anbiente/BackRoomsNivel0/BackroomsLikeAsset/prefab/Tiles/Tiles_T+_04_B.prefab using Guid(2549e4addb02ae444b50eb536e89c6d7) Importer(815301076,1909f56bfc062723c751e8b465ee728b)  -> (artifact id: 'e6dcc85c39da086d0fca46053888fec6') in 0.043208 seconds
Number of updated asset objects reloaded before import = 0
Number of asset objects unloaded after import = 26
========================================================================
Received Import Request.
  Time since last request: 0.000025 seconds.
  path: Assets/Anbiente/BackRoomsNivel0/BackroomsLikeAsset/prefab/Tiles/Tiles_T+Side_02_C.prefab
  artifactKey: Guid(cc02b4287b53ce447a48c7f1cac3ed1e) Importer(815301076,1909f56bfc062723c751e8b465ee728b)
Start importing Assets/Anbiente/BackRoomsNivel0/BackroomsLikeAsset/prefab/Tiles/Tiles_T+Side_02_C.prefab using Guid(cc02b4287b53ce447a48c7f1cac3ed1e) Importer(815301076,1909f56bfc062723c751e8b465ee728b)  -> (artifact id: '3ea30f3bfc5c4ade9e44e346ded0d25a') in 0.037364 seconds
Number of updated asset objects reloaded before import = 0
Number of asset objects unloaded after import = 26
========================================================================
Received Import Request.
  Time since last request: 0.000036 seconds.
  path: Assets/Anbiente/BackRoomsNivel0/BackroomsLikeAsset/prefab/Tiles/Tiles_TCorner_01_B.prefab
  artifactKey: Guid(b5a0d950116aff049bdc14ef21ca4334) Importer(815301076,1909f56bfc062723c751e8b465ee728b)
Start importing Assets/Anbiente/BackRoomsNivel0/BackroomsLikeAsset/prefab/Tiles/Tiles_TCorner_01_B.prefab using Guid(b5a0d950116aff049bdc14ef21ca4334) Importer(815301076,1909f56bfc062723c751e8b465ee728b)  -> (artifact id: '21232316a46c6ce3dd80579c52081607') in 0.028603 seconds
Number of updated asset objects reloaded before import = 0
Number of asset objects unloaded after import = 26
========================================================================
Received Import Request.
  Time since last request: 0.000233 seconds.
  path: Assets/Anbiente/BackRoomsNivel0/BackroomsLikeAsset/prefab/Tiles/Tiles_T+Side_01_D.prefab
  artifactKey: Guid(ec4d80516b54a754b96db9841b3cc7cb) Importer(815301076,1909f56bfc062723c751e8b465ee728b)
Start importing Assets/Anbiente/BackRoomsNivel0/BackroomsLikeAsset/prefab/Tiles/Tiles_T+Side_01_D.prefab using Guid(ec4d80516b54a754b96db9841b3cc7cb) Importer(815301076,1909f56bfc062723c751e8b465ee728b)  -> (artifact id: 'f92e4190ac6a0dc9fd49e7dee905ed5f') in 0.040425 seconds
Number of updated asset objects reloaded before import = 0
Number of asset objects unloaded after import = 26
========================================================================
Received Import Request.
  Time since last request: 0.000151 seconds.
  path: Assets/Anbiente/BackRoomsNivel0/BackroomsLikeAsset/prefab/Tiles/Tiles_TCorner_02_C.prefab
  artifactKey: Guid(8a5c9a25503d809409564a4b49ea4467) Importer(815301076,1909f56bfc062723c751e8b465ee728b)
Start importing Assets/Anbiente/BackRoomsNivel0/BackroomsLikeAsset/prefab/Tiles/Tiles_TCorner_02_C.prefab using Guid(8a5c9a25503d809409564a4b49ea4467) Importer(815301076,1909f56bfc062723c751e8b465ee728b)  -> (artifact id: 'fd87f5ec808d1b5c3b557545831d633c') in 0.035808 seconds
Number of updated asset objects reloaded before import = 0
Number of asset objects unloaded after import = 26
========================================================================
Received Import Request.
  Time since last request: 0.000027 seconds.
  path: Assets/Anbiente/BackRoomsNivel0/BackroomsLikeAsset/prefab/Tiles/Tiles_TCornerSide_02_B.prefab
  artifactKey: Guid(a9d584b1e2d6a71448de6e7ce81d3c2d) Importer(815301076,1909f56bfc062723c751e8b465ee728b)
Start importing Assets/Anbiente/BackRoomsNivel0/BackroomsLikeAsset/prefab/Tiles/Tiles_TCornerSide_02_B.prefab using Guid(a9d584b1e2d6a71448de6e7ce81d3c2d) Importer(815301076,1909f56bfc062723c751e8b465ee728b)  -> (artifact id: 'a8926d89e338b518e75b9952d1ec0bc4') in 0.043295 seconds
Number of updated asset objects reloaded before import = 0
Number of asset objects unloaded after import = 26
========================================================================
Received Import Request.
  Time since last request: 0.000035 seconds.
  path: Assets/Anbiente/BackRoomsNivel0/BackroomsLikeAsset/prefab/Tiles/Tiles_TCornerSide_01_B.prefab
  artifactKey: Guid(01397bc78ecdcd14ebd2d7e0250adfc0) Importer(815301076,1909f56bfc062723c751e8b465ee728b)
Start importing Assets/Anbiente/BackRoomsNivel0/BackroomsLikeAsset/prefab/Tiles/Tiles_TCornerSide_01_B.prefab using Guid(01397bc78ecdcd14ebd2d7e0250adfc0) Importer(815301076,1909f56bfc062723c751e8b465ee728b)  -> (artifact id: 'd5d7b40a62279766a42d4888cca37c05') in 0.025431 seconds
Number of updated asset objects reloaded before import = 0
Number of asset objects unloaded after import = 26
========================================================================
Received Import Request.
  Time since last request: 0.000028 seconds.
  path: Assets/Anbiente/BackRoomsNivel0/BackroomsLikeAsset/prefab/Tiles/Tiles_TCorner_01_D.prefab
  artifactKey: Guid(7556bf14e4b298e4aa07e344841fd0da) Importer(815301076,1909f56bfc062723c751e8b465ee728b)
Start importing Assets/Anbiente/BackRoomsNivel0/BackroomsLikeAsset/prefab/Tiles/Tiles_TCorner_01_D.prefab using Guid(7556bf14e4b298e4aa07e344841fd0da) Importer(815301076,1909f56bfc062723c751e8b465ee728b)  -> (artifact id: 'fed7a3275ed025f18572b47661d3be9a') in 0.033908 seconds
Number of updated asset objects reloaded before import = 0
Number of asset objects unloaded after import = 26
========================================================================
Received Import Request.
  Time since last request: 0.000034 seconds.
  path: Assets/Anbiente/BackRoomsNivel0/BackroomsLikeAsset/prefab/Tiles/Tiles_T+Side_03_A.prefab
  artifactKey: Guid(400b2c3cf6bdda142b2f54b5bd3e4f9e) Importer(815301076,1909f56bfc062723c751e8b465ee728b)
Start importing Assets/Anbiente/BackRoomsNivel0/BackroomsLikeAsset/prefab/Tiles/Tiles_T+Side_03_A.prefab using Guid(400b2c3cf6bdda142b2f54b5bd3e4f9e) Importer(815301076,1909f56bfc062723c751e8b465ee728b)  -> (artifact id: 'f7e149c5af1bcc6bb561c8a584b61617') in 0.028368 seconds
Number of updated asset objects reloaded before import = 0
Number of asset objects unloaded after import = 26
========================================================================
Received Import Request.
  Time since last request: 0.000033 seconds.
  path: Assets/Anbiente/BackRoomsNivel0/BackroomsLikeAsset/prefab/Tiles/Tiles_TCorner_03_B.prefab
  artifactKey: Guid(db7e5e0d5b0edd24c8a7445b3cdce59e) Importer(815301076,1909f56bfc062723c751e8b465ee728b)
Start importing Assets/Anbiente/BackRoomsNivel0/BackroomsLikeAsset/prefab/Tiles/Tiles_TCorner_03_B.prefab using Guid(db7e5e0d5b0edd24c8a7445b3cdce59e) Importer(815301076,1909f56bfc062723c751e8b465ee728b)  -> (artifact id: '64acf82e6af71d70cd40988c4ad2e900') in 0.038039 seconds
Number of updated asset objects reloaded before import = 0
Number of asset objects unloaded after import = 26
========================================================================
Received Import Request.
  Time since last request: 0.000254 seconds.
  path: Assets/Anbiente/BackRoomsNivel0/BackroomsLikeAsset/prefab/Tiles/Tiles_TStairs_02_B.prefab
  artifactKey: Guid(fbebcf2781fed7146b78d2cb0b8f390a) Importer(815301076,1909f56bfc062723c751e8b465ee728b)
Start importing Assets/Anbiente/BackRoomsNivel0/BackroomsLikeAsset/prefab/Tiles/Tiles_TStairs_02_B.prefab using Guid(fbebcf2781fed7146b78d2cb0b8f390a) Importer(815301076,1909f56bfc062723c751e8b465ee728b)  -> (artifact id: '78d60e8174725e42553e0d32f7cd96cd') in 0.024452 seconds
Number of updated asset objects reloaded before import = 0
Number of asset objects unloaded after import = 26
Editor requested this worker to shutdown with reason: Scaling down because of idle timeout
TcpMessagingSession - receive error: operation aborted. errorcode: 995, details: La operación de E/S se anuló por una salida de subproceso o por una solicitud de aplicación.
AssetImportWorker is now disconnected from the server
Process exiting
Exiting without the bug reporter. Application will terminate with return code 0